2021-09-15 23:34:00 [127.0.0.1][-][-][error][yii\base\ErrorException:2] yii\base\ErrorException: session_regenerate_id(): Session object destruction failed.  ID: files (path: c:/wamp64/tmp) in C:\wamp64\www\yii2Avanzado\vendor\yiisoft\yii2\web\Session.php:333
Stack trace:
#0 C:\wamp64\www\yii2Avanzado\vendor\yiisoft\yii2\web\Session.php(333): yii\base\ErrorHandler->handleError()
#1 C:\wamp64\www\yii2Avanzado\vendor\yiisoft\yii2\web\Session.php(333): ::session_regenerate_id()
#2 C:\wamp64\www\yii2Avanzado\vendor\yiisoft\yii2\web\User.php(659): yii\web\Session->regenerateID()
#3 C:\wamp64\www\yii2Avanzado\vendor\yiisoft\yii2\web\User.php(733): yii\web\User->switchIdentity()
#4 C:\wamp64\www\yii2Avanzado\vendor\yiisoft\yii2\web\User.php(199): yii\web\User->renewAuthStatus()
#5 C:\wamp64\www\yii2Avanzado\vendor\yiisoft\yii2\web\User.php(367): yii\web\User->getIdentity()
#6 C:\wamp64\www\yii2Avanzado\vendor\yiisoft\yii2\base\Component.php(140): yii\web\User->getIsGuest()
#7 C:\wamp64\www\yii2Avanzado\vendor\yiisoft\yii2-debug\src\panels\UserPanel.php(83): yii\base\Component->__get()
#8 C:\wamp64\www\yii2Avanzado\vendor\yiisoft\yii2\base\BaseObject.php(109): yii\debug\panels\UserPanel->init()
#9 C:\wamp64\www\yii2Avanzado\vendor\yiisoft\yii2\di\Container.php(420): yii\base\BaseObject->__construct()
#10 C:\wamp64\www\yii2Avanzado\vendor\yiisoft\yii2\di\Container.php(420): ReflectionClass->newInstanceArgs()
#11 C:\wamp64\www\yii2Avanzado\vendor\yiisoft\yii2\di\Container.php(171): yii\di\Container->build()
#12 C:\wamp64\www\yii2Avanzado\vendor\yiisoft\yii2\BaseYii.php(365): yii\di\Container->get()
#13 C:\wamp64\www\yii2Avanzado\vendor\yiisoft\yii2-debug\src\Module.php(255): yii\BaseYii::createObject()
#14 C:\wamp64\www\yii2Avanzado\vendor\yiisoft\yii2-debug\src\Module.php(226): yii\debug\Module->initPanels()
#15 C:\wamp64\www\yii2Avanzado\vendor\yiisoft\yii2\base\BaseObject.php(109): yii\debug\Module->init()
#16 C:\wamp64\www\yii2Avanzado\vendor\yiisoft\yii2\base\Module.php(158): yii\base\BaseObject->__construct()
#17 C:\wamp64\www\yii2Avanzado\vendor\yiisoft\yii2\di\Container.php(412): yii\base\Module->__construct()
#18 C:\wamp64\www\yii2Avanzado\vendor\yiisoft\yii2\di\Container.php(412): ReflectionClass->newInstanceArgs()
#19 C:\wamp64\www\yii2Avanzado\vendor\yiisoft\yii2\di\Container.php(171): yii\di\Container->build()
#20 C:\wamp64\www\yii2Avanzado\vendor\yiisoft\yii2\BaseYii.php(365): yii\di\Container->get()
#21 C:\wamp64\www\yii2Avanzado\vendor\yiisoft\yii2\base\Module.php(427): yii\BaseYii::createObject()
#22 C:\wamp64\www\yii2Avanzado\vendor\yiisoft\yii2\base\Application.php(321): yii\base\Module->getModule()
#23 C:\wamp64\www\yii2Avanzado\vendor\yiisoft\yii2\web\Application.php(70): yii\base\Application->bootstrap()
#24 C:\wamp64\www\yii2Avanzado\vendor\yiisoft\yii2\base\Application.php(279): yii\web\Application->bootstrap()
#25 C:\wamp64\www\yii2Avanzado\vendor\yiisoft\yii2\base\BaseObject.php(109): yii\base\Application->init()
#26 C:\wamp64\www\yii2Avanzado\vendor\yiisoft\yii2\base\Application.php(212): yii\base\BaseObject->__construct()
#27 C:\wamp64\www\yii2Avanzado\frontend\web\index.php(18): yii\base\Application->__construct()
#28 {main}
2021-09-15 23:34:00 [127.0.0.1][-][-][info][application] $_GET = [
    'r' => 'debug/default/toolbar'
    'tag' => '614282e7c6b05'
]

$_POST = []

$_FILES = []

$_COOKIE = [
    'advanced-backend' => 'a1svpasacdggakiqsgqmu8kus1'
    '_csrf-backend' => 'f3d927a9cc055e370cd6649dd0ff32f439afe13887d6a110f99afc8c3c84283da:2:{i:0;s:13:\"_csrf-backend\";i:1;s:32:\"1u8_XdOOItJYVM3xWT2oZEXN0nkLIT6Q\";}'
    'advanced-frontend' => 'v9eipm6kn5qj94albevbgjcb43'
    '_csrf-frontend' => '26d604cff8e7d350c805430a0c32d88bc02665a62058a38116ea07a2bb8e7c3da:2:{i:0;s:14:\"_csrf-frontend\";i:1;s:32:\"NEpDXNa5lyJsz9R9Q2HB1DKqUVKpkrO_\";}'
]

$_SESSION = [
    '__flash' => []
    '__captcha/site/captcha' => 'cisecuu'
    '__captcha/site/captchacount' => 1
]

$_SERVER = [
    'HTTP_HOST' => 'localhost'
    'HTTP_USER_AGENT' => 'Mozilla/5.0 (Windows NT 6.3; Win64; x64; rv:92.0) Gecko/20100101 Firefox/92.0'
    'HTTP_ACCEPT' => 'text/html'
    'HTTP_ACCEPT_LANGUAGE' => 'es-MX,es;q=0.8,en-US;q=0.5,en;q=0.3'
    'HTTP_ACCEPT_ENCODING' => 'gzip, deflate'
    'HTTP_X_REQUESTED_WITH' => 'XMLHttpRequest'
    'HTTP_CONNECTION' => 'keep-alive'
    'HTTP_REFERER' => 'http://localhost/yii2avanzado/frontend/web/index.php?r=site%2Fcontact'
    'HTTP_COOKIE' => 'advanced-backend=a1svpasacdggakiqsgqmu8kus1; _csrf-backend=f3d927a9cc055e370cd6649dd0ff32f439afe13887d6a110f99afc8c3c84283da%3A2%3A%7Bi%3A0%3Bs%3A13%3A%22_csrf-backend%22%3Bi%3A1%3Bs%3A32%3A%221u8_XdOOItJYVM3xWT2oZEXN0nkLIT6Q%22%3B%7D; advanced-frontend=v9eipm6kn5qj94albevbgjcb43; _csrf-frontend=26d604cff8e7d350c805430a0c32d88bc02665a62058a38116ea07a2bb8e7c3da%3A2%3A%7Bi%3A0%3Bs%3A14%3A%22_csrf-frontend%22%3Bi%3A1%3Bs%3A32%3A%22NEpDXNa5lyJsz9R9Q2HB1DKqUVKpkrO_%22%3B%7D'
    'HTTP_SEC_FETCH_DEST' => 'empty'
    'HTTP_SEC_FETCH_MODE' => 'cors'
    'HTTP_SEC_FETCH_SITE' => 'same-origin'
    'PATH' => 'c:\\Program Files (x86)\\Intel\\iCLS Client\\;c:\\Program Files\\Intel\\iCLS Client\\;C:\\Windows\\system32;C:\\Windows;C:\\Windows\\System32\\Wbem;C:\\Windows\\System32\\WindowsPowerShell\\v1.0\\;C:\\Program Files\\Intel\\Intel(R) Management Engine Components\\DAL;C:\\Program Files\\Intel\\Intel(R) Management Engine Components\\IPT;C:\\Program Files (x86)\\Intel\\Intel(R) Management Engine Components\\DAL;C:\\Program Files (x86)\\Intel\\Intel(R) Management Engine Components\\IPT;C:\\wamp64\\bin\\php\\php7.0.10;C:\\ProgramData\\ComposerSetup\\bin;'
    'SystemRoot' => 'C:\\Windows'
    'COMSPEC' => 'C:\\Windows\\system32\\cmd.exe'
    'PATHEXT' => '.COM;.EXE;.BAT;.CMD;.VBS;.VBE;.JS;.JSE;.WSF;.WSH;.MSC'
    'WINDIR' => 'C:\\Windows'
    'SERVER_SIGNATURE' => '<address>Apache/2.4.23 (Win64) PHP/7.0.10 Server at localhost Port 80</address>
'
    'SERVER_SOFTWARE' => 'Apache/2.4.23 (Win64) PHP/7.0.10'
    'SERVER_NAME' => 'localhost'
    'SERVER_ADDR' => '127.0.0.1'
    'SERVER_PORT' => '80'
    'REMOTE_ADDR' => '127.0.0.1'
    'DOCUMENT_ROOT' => 'C:/wamp64/www'
    'REQUEST_SCHEME' => 'http'
    'CONTEXT_PREFIX' => ''
    'CONTEXT_DOCUMENT_ROOT' => 'C:/wamp64/www'
    'SERVER_ADMIN' => 'wampserver@wampserver.invalid'
    'SCRIPT_FILENAME' => 'C:/wamp64/www/yii2Avanzado/frontend/web/index.php'
    'REMOTE_PORT' => '50986'
    'GATEWAY_INTERFACE' => 'CGI/1.1'
    'SERVER_PROTOCOL' => 'HTTP/1.1'
    'REQUEST_METHOD' => 'GET'
    'QUERY_STRING' => 'r=debug%2Fdefault%2Ftoolbar&tag=614282e7c6b05'
    'REQUEST_URI' => '/yii2avanzado/frontend/web/index.php?r=debug%2Fdefault%2Ftoolbar&tag=614282e7c6b05'
    'SCRIPT_NAME' => '/yii2avanzado/frontend/web/index.php'
    'PHP_SELF' => '/yii2avanzado/frontend/web/index.php'
    'REQUEST_TIME_FLOAT' => 1631748839.985
    'REQUEST_TIME' => 1631748839
]
2022-06-07 00:39:37 [127.0.0.1][-][1k9963ke4ppq97pns1gg2v7quk][error][yii\db\Exception] PDOException: SQLSTATE[HY000]: General error: 1364 Field 'rol_id' doesn't have a default value in C:\wamp64\www\yii2Avanzado22\vendor\yiisoft\yii2\db\Command.php:1302
Stack trace:
#0 C:\wamp64\www\yii2Avanzado22\vendor\yiisoft\yii2\db\Command.php(1302): PDOStatement->execute()
#1 C:\wamp64\www\yii2Avanzado22\vendor\yiisoft\yii2\db\Command.php(1102): yii\db\Command->internalExecute('INSERT INTO `us...')
#2 C:\wamp64\www\yii2Avanzado22\vendor\yiisoft\yii2\db\Schema.php(433): yii\db\Command->execute()
#3 C:\wamp64\www\yii2Avanzado22\vendor\yiisoft\yii2\db\ActiveRecord.php(600): yii\db\Schema->insert('{{%user}}', Array)
#4 C:\wamp64\www\yii2Avanzado22\vendor\yiisoft\yii2\db\ActiveRecord.php(566): yii\db\ActiveRecord->insertInternal(NULL)
#5 C:\wamp64\www\yii2Avanzado22\vendor\yiisoft\yii2\db\BaseActiveRecord.php(678): yii\db\ActiveRecord->insert(true, NULL)
#6 C:\wamp64\www\yii2Avanzado22\frontend\models\SignupForm.php(59): yii\db\BaseActiveRecord->save()
#7 C:\wamp64\www\yii2Avanzado22\frontend\controllers\SiteController.php(157): frontend\models\SignupForm->signup()
#8 [internal function]: frontend\controllers\SiteController->actionSignup()
#9 C:\wamp64\www\yii2Avanzado22\vendor\yiisoft\yii2\base\InlineAction.php(57): call_user_func_array(Array, Array)
#10 C:\wamp64\www\yii2Avanzado22\vendor\yiisoft\yii2\base\Controller.php(181): yii\base\InlineAction->runWithParams(Array)
#11 C:\wamp64\www\yii2Avanzado22\vendor\yiisoft\yii2\base\Module.php(534): yii\base\Controller->runAction('signup', Array)
#12 C:\wamp64\www\yii2Avanzado22\vendor\yiisoft\yii2\web\Application.php(104): yii\base\Module->runAction('site/signup', Array)
#13 C:\wamp64\www\yii2Avanzado22\vendor\yiisoft\yii2\base\Application.php(392): yii\web\Application->handleRequest(Object(yii\web\Request))
#14 C:\wamp64\www\yii2Avanzado22\frontend\web\index.php(18): yii\base\Application->run()
#15 {main}

Next yii\db\Exception: SQLSTATE[HY000]: General error: 1364 Field 'rol_id' doesn't have a default value
The SQL being executed was: INSERT INTO `user` (`username`, `email`, `password_hash`, `auth_key`, `verification_token`, `status`, `created_at`, `updated_at`) VALUES ('root', 'rusell75@hotmail.com', '$2y$13$kTKKhoEPNP6SdUyITcSPnerl88y75oRkus58Wxdg/aoqnZnn0iv9K', '4CmyCZHV9SegtzwTzLHM7b5zrzVBRg0V', 'Lxbaf_qa-jEsRyQQlmQNM5MSv5BAB601_1654562377', 9, 1654562377, 1654562377) in C:\wamp64\www\yii2Avanzado22\vendor\yiisoft\yii2\db\Schema.php:678
Stack trace:
#0 C:\wamp64\www\yii2Avanzado22\vendor\yiisoft\yii2\db\Command.php(1307): yii\db\Schema->convertException(Object(PDOException), 'INSERT INTO `us...')
#1 C:\wamp64\www\yii2Avanzado22\vendor\yiisoft\yii2\db\Command.php(1102): yii\db\Command->internalExecute('INSERT INTO `us...')
#2 C:\wamp64\www\yii2Avanzado22\vendor\yiisoft\yii2\db\Schema.php(433): yii\db\Command->execute()
#3 C:\wamp64\www\yii2Avanzado22\vendor\yiisoft\yii2\db\ActiveRecord.php(600): yii\db\Schema->insert('{{%user}}', Array)
#4 C:\wamp64\www\yii2Avanzado22\vendor\yiisoft\yii2\db\ActiveRecord.php(566): yii\db\ActiveRecord->insertInternal(NULL)
#5 C:\wamp64\www\yii2Avanzado22\vendor\yiisoft\yii2\db\BaseActiveRecord.php(678): yii\db\ActiveRecord->insert(true, NULL)
#6 C:\wamp64\www\yii2Avanzado22\frontend\models\SignupForm.php(59): yii\db\BaseActiveRecord->save()
#7 C:\wamp64\www\yii2Avanzado22\frontend\controllers\SiteController.php(157): frontend\models\SignupForm->signup()
#8 [internal function]: frontend\controllers\SiteController->actionSignup()
#9 C:\wamp64\www\yii2Avanzado22\vendor\yiisoft\yii2\base\InlineAction.php(57): call_user_func_array(Array, Array)
#10 C:\wamp64\www\yii2Avanzado22\vendor\yiisoft\yii2\base\Controller.php(181): yii\base\InlineAction->runWithParams(Array)
#11 C:\wamp64\www\yii2Avanzado22\vendor\yiisoft\yii2\base\Module.php(534): yii\base\Controller->runAction('signup', Array)
#12 C:\wamp64\www\yii2Avanzado22\vendor\yiisoft\yii2\web\Application.php(104): yii\base\Module->runAction('site/signup', Array)
#13 C:\wamp64\www\yii2Avanzado22\vendor\yiisoft\yii2\base\Application.php(392): yii\web\Application->handleRequest(Object(yii\web\Request))
#14 C:\wamp64\www\yii2Avanzado22\frontend\web\index.php(18): yii\base\Application->run()
#15 {main}
Additional Information:
Array
(
    [0] => HY000
    [1] => 1364
    [2] => Field 'rol_id' doesn't have a default value
)

2022-06-07 00:39:37 [127.0.0.1][-][1k9963ke4ppq97pns1gg2v7quk][info][application] $_GET = [
    'r' => 'site/signup'
]

$_POST = [
    '_csrf-frontend' => 'W8u2lSt_-SADNGNj9ao0AM71RONqSrOwAh4icZp_EEwNiIf9fB2oWGh1LjfH4XhvvZsGsTJ8-_5NUGU53DtqKA=='
    'SignupForm' => [
        'username' => 'root'
        'email' => 'rusell75@hotmail.com'
        'password' => 'rootroot'
    ]
    'signup-button' => ''
]

$_FILES = []

$_COOKIE = [
    'advanced-backend' => '75hlk6kpahi5bqjulmb1r3udcu'
    '_csrf-backend' => '7a7f94e35b60b983c6922173475102fea4f1ef0e8c6cdbceca0a5f2a0a630a3ea:2:{i:0;s:13:\"_csrf-backend\";i:1;s:32:\"uaL_O5Cs29IXMFUYMhHD9BqWbHKjOq5g\";}'
    'advanced-frontend' => 'n45hnjrc9ca1qgqfm61tsbukqg'
    '_csrf-frontend' => 'db0590de07ea7a9647afe752a778fe29a945998e31fbde6b0adba0be0306e7aea:2:{i:0;s:14:\"_csrf-frontend\";i:1;s:32:\"VC1hWbQxkAMT2KLosnBRX6HNONGHFDzd\";}'
]

$_SESSION = [
    '__flash' => []
]

$_SERVER = [
    'HTTP_HOST' => 'localhost'
    'HTTP_USER_AGENT' => 'Mozilla/5.0 (Windows NT 10.0; Win64; x64; rv:101.0) Gecko/20100101 Firefox/101.0'
    'HTTP_ACCEPT' => 'text/html,application/xhtml+xml,application/xml;q=0.9,image/avif,image/webp,*/*;q=0.8'
    'HTTP_ACCEPT_LANGUAGE' => 'es-MX,es;q=0.8,en-US;q=0.5,en;q=0.3'
    'HTTP_ACCEPT_ENCODING' => 'gzip, deflate, br'
    'CONTENT_TYPE' => 'application/x-www-form-urlencoded'
    'CONTENT_LENGTH' => '231'
    'HTTP_ORIGIN' => 'http://localhost'
    'HTTP_CONNECTION' => 'keep-alive'
    'HTTP_REFERER' => 'http://localhost/yii2Avanzado22/frontend/web/index.php?r=site%2Fsignup'
    'HTTP_COOKIE' => 'advanced-backend=75hlk6kpahi5bqjulmb1r3udcu; _csrf-backend=7a7f94e35b60b983c6922173475102fea4f1ef0e8c6cdbceca0a5f2a0a630a3ea%3A2%3A%7Bi%3A0%3Bs%3A13%3A%22_csrf-backend%22%3Bi%3A1%3Bs%3A32%3A%22uaL_O5Cs29IXMFUYMhHD9BqWbHKjOq5g%22%3B%7D; advanced-frontend=n45hnjrc9ca1qgqfm61tsbukqg; _csrf-frontend=db0590de07ea7a9647afe752a778fe29a945998e31fbde6b0adba0be0306e7aea%3A2%3A%7Bi%3A0%3Bs%3A14%3A%22_csrf-frontend%22%3Bi%3A1%3Bs%3A32%3A%22VC1hWbQxkAMT2KLosnBRX6HNONGHFDzd%22%3B%7D'
    'HTTP_UPGRADE_INSECURE_REQUESTS' => '1'
    'HTTP_SEC_FETCH_DEST' => 'document'
    'HTTP_SEC_FETCH_MODE' => 'navigate'
    'HTTP_SEC_FETCH_SITE' => 'same-origin'
    'HTTP_SEC_FETCH_USER' => '?1'
    'PATH' => 'C:\\Windows\\system32;C:\\Windows;C:\\Windows\\System32\\Wbem;C:\\Windows\\System32\\WindowsPowerShell\\v1.0\\;C:\\Windows\\System32\\OpenSSH\\;C:\\Program Files\\Git\\cmd;C:\\Windows\\system32\\config\\systemprofile\\AppData\\Local\\Microsoft\\WindowsApps'
    'SystemRoot' => 'C:\\Windows'
    'COMSPEC' => 'C:\\Windows\\system32\\cmd.exe'
    'PATHEXT' => '.COM;.EXE;.BAT;.CMD;.VBS;.VBE;.JS;.JSE;.WSF;.WSH;.MSC'
    'WINDIR' => 'C:\\Windows'
    'SERVER_SIGNATURE' => '<address>Apache/2.4.51 (Win64) PHP/7.4.26 Server at localhost Port 80</address>
'
    'SERVER_SOFTWARE' => 'Apache/2.4.51 (Win64) PHP/7.4.26'
    'SERVER_NAME' => 'localhost'
    'SERVER_ADDR' => '127.0.0.1'
    'SERVER_PORT' => '80'
    'REMOTE_ADDR' => '127.0.0.1'
    'DOCUMENT_ROOT' => 'C:/wamp64/www'
    'REQUEST_SCHEME' => 'http'
    'CONTEXT_PREFIX' => ''
    'CONTEXT_DOCUMENT_ROOT' => 'C:/wamp64/www'
    'SERVER_ADMIN' => 'wampserver@wampserver.invalid'
    'SCRIPT_FILENAME' => 'C:/wamp64/www/yii2Avanzado22/frontend/web/index.php'
    'REMOTE_PORT' => '59275'
    'GATEWAY_INTERFACE' => 'CGI/1.1'
    'SERVER_PROTOCOL' => 'HTTP/1.1'
    'REQUEST_METHOD' => 'POST'
    'QUERY_STRING' => 'r=site%2Fsignup'
    'REQUEST_URI' => '/yii2Avanzado22/frontend/web/index.php?r=site%2Fsignup'
    'SCRIPT_NAME' => '/yii2Avanzado22/frontend/web/index.php'
    'PHP_SELF' => '/yii2Avanzado22/frontend/web/index.php'
    'REQUEST_TIME_FLOAT' => 1654562377.1913
    'REQUEST_TIME' => 1654562377
]
2022-06-07 01:01:49 [127.0.0.1][-][noh95nuvh8ec2uufm5tjl9thrg][error][yii\db\Exception] PDOException: SQLSTATE[HY000]: General error: 1364 Field 'rol_id' doesn't have a default value in C:\wamp64\www\yii2Avanzado22\vendor\yiisoft\yii2\db\Command.php:1302
Stack trace:
#0 C:\wamp64\www\yii2Avanzado22\vendor\yiisoft\yii2\db\Command.php(1302): PDOStatement->execute()
#1 C:\wamp64\www\yii2Avanzado22\vendor\yiisoft\yii2\db\Command.php(1102): yii\db\Command->internalExecute('INSERT INTO `us...')
#2 C:\wamp64\www\yii2Avanzado22\vendor\yiisoft\yii2\db\Schema.php(433): yii\db\Command->execute()
#3 C:\wamp64\www\yii2Avanzado22\vendor\yiisoft\yii2\db\ActiveRecord.php(600): yii\db\Schema->insert('{{%user}}', Array)
#4 C:\wamp64\www\yii2Avanzado22\vendor\yiisoft\yii2\db\ActiveRecord.php(566): yii\db\ActiveRecord->insertInternal(NULL)
#5 C:\wamp64\www\yii2Avanzado22\vendor\yiisoft\yii2\db\BaseActiveRecord.php(678): yii\db\ActiveRecord->insert(true, NULL)
#6 C:\wamp64\www\yii2Avanzado22\frontend\models\SignupForm.php(59): yii\db\BaseActiveRecord->save()
#7 C:\wamp64\www\yii2Avanzado22\frontend\controllers\SiteController.php(157): frontend\models\SignupForm->signup()
#8 [internal function]: frontend\controllers\SiteController->actionSignup()
#9 C:\wamp64\www\yii2Avanzado22\vendor\yiisoft\yii2\base\InlineAction.php(57): call_user_func_array(Array, Array)
#10 C:\wamp64\www\yii2Avanzado22\vendor\yiisoft\yii2\base\Controller.php(181): yii\base\InlineAction->runWithParams(Array)
#11 C:\wamp64\www\yii2Avanzado22\vendor\yiisoft\yii2\base\Module.php(534): yii\base\Controller->runAction('signup', Array)
#12 C:\wamp64\www\yii2Avanzado22\vendor\yiisoft\yii2\web\Application.php(104): yii\base\Module->runAction('site/signup', Array)
#13 C:\wamp64\www\yii2Avanzado22\vendor\yiisoft\yii2\base\Application.php(392): yii\web\Application->handleRequest(Object(yii\web\Request))
#14 C:\wamp64\www\yii2Avanzado22\frontend\web\index.php(18): yii\base\Application->run()
#15 {main}

Next yii\db\Exception: SQLSTATE[HY000]: General error: 1364 Field 'rol_id' doesn't have a default value
The SQL being executed was: INSERT INTO `user` (`username`, `email`, `password_hash`, `auth_key`, `verification_token`, `status`, `created_at`, `updated_at`) VALUES ('root', 'rusell75@hotmail.com', '$2y$13$c3lpuzkEP2Yzu0t5Zb8wHOnnDdQmC/Ydw.bNlsBRqkqRCkt5WSfDO', 'dpFxsMFsjZ2pSHTnXWJ5Xj3tY8b6zrTY', 'Lq4LgVpqLY3D_OXw7S6PrNyYXMZ5Xwsq_1654563709', 9, 1654563709, 1654563709) in C:\wamp64\www\yii2Avanzado22\vendor\yiisoft\yii2\db\Schema.php:678
Stack trace:
#0 C:\wamp64\www\yii2Avanzado22\vendor\yiisoft\yii2\db\Command.php(1307): yii\db\Schema->convertException(Object(PDOException), 'INSERT INTO `us...')
#1 C:\wamp64\www\yii2Avanzado22\vendor\yiisoft\yii2\db\Command.php(1102): yii\db\Command->internalExecute('INSERT INTO `us...')
#2 C:\wamp64\www\yii2Avanzado22\vendor\yiisoft\yii2\db\Schema.php(433): yii\db\Command->execute()
#3 C:\wamp64\www\yii2Avanzado22\vendor\yiisoft\yii2\db\ActiveRecord.php(600): yii\db\Schema->insert('{{%user}}', Array)
#4 C:\wamp64\www\yii2Avanzado22\vendor\yiisoft\yii2\db\ActiveRecord.php(566): yii\db\ActiveRecord->insertInternal(NULL)
#5 C:\wamp64\www\yii2Avanzado22\vendor\yiisoft\yii2\db\BaseActiveRecord.php(678): yii\db\ActiveRecord->insert(true, NULL)
#6 C:\wamp64\www\yii2Avanzado22\frontend\models\SignupForm.php(59): yii\db\BaseActiveRecord->save()
#7 C:\wamp64\www\yii2Avanzado22\frontend\controllers\SiteController.php(157): frontend\models\SignupForm->signup()
#8 [internal function]: frontend\controllers\SiteController->actionSignup()
#9 C:\wamp64\www\yii2Avanzado22\vendor\yiisoft\yii2\base\InlineAction.php(57): call_user_func_array(Array, Array)
#10 C:\wamp64\www\yii2Avanzado22\vendor\yiisoft\yii2\base\Controller.php(181): yii\base\InlineAction->runWithParams(Array)
#11 C:\wamp64\www\yii2Avanzado22\vendor\yiisoft\yii2\base\Module.php(534): yii\base\Controller->runAction('signup', Array)
#12 C:\wamp64\www\yii2Avanzado22\vendor\yiisoft\yii2\web\Application.php(104): yii\base\Module->runAction('site/signup', Array)
#13 C:\wamp64\www\yii2Avanzado22\vendor\yiisoft\yii2\base\Application.php(392): yii\web\Application->handleRequest(Object(yii\web\Request))
#14 C:\wamp64\www\yii2Avanzado22\frontend\web\index.php(18): yii\base\Application->run()
#15 {main}
Additional Information:
Array
(
    [0] => HY000
    [1] => 1364
    [2] => Field 'rol_id' doesn't have a default value
)

2022-06-07 01:01:48 [127.0.0.1][-][noh95nuvh8ec2uufm5tjl9thrg][info][application] $_GET = [
    'r' => 'site/signup'
]

$_POST = [
    '_csrf-frontend' => 'OdzSyDY0DgfebO3Zip61JArtVjRhNbAdhezri1Fnqb5vn-OgYVZff7UtoI241flLeYMUZjkD-FPKoqzDFyPT2g=='
    'SignupForm' => [
        'username' => 'root'
        'email' => 'rusell75@hotmail.com'
        'password' => 'rootroot'
    ]
    'signup-button' => ''
]

$_FILES = []

$_COOKIE = [
    'advanced-backend' => '75hlk6kpahi5bqjulmb1r3udcu'
    '_csrf-backend' => '7a7f94e35b60b983c6922173475102fea4f1ef0e8c6cdbceca0a5f2a0a630a3ea:2:{i:0;s:13:\"_csrf-backend\";i:1;s:32:\"uaL_O5Cs29IXMFUYMhHD9BqWbHKjOq5g\";}'
    'advanced-frontend' => '1t7q71q90kqcbino5pc3n2sup5'
    '_csrf-frontend' => 'db0590de07ea7a9647afe752a778fe29a945998e31fbde6b0adba0be0306e7aea:2:{i:0;s:14:\"_csrf-frontend\";i:1;s:32:\"VC1hWbQxkAMT2KLosnBRX6HNONGHFDzd\";}'
]

$_SESSION = [
    '__flash' => []
]

$_SERVER = [
    'HTTP_HOST' => 'localhost'
    'HTTP_USER_AGENT' => 'Mozilla/5.0 (Windows NT 10.0; Win64; x64; rv:101.0) Gecko/20100101 Firefox/101.0'
    'HTTP_ACCEPT' => 'text/html,application/xhtml+xml,application/xml;q=0.9,image/avif,image/webp,*/*;q=0.8'
    'HTTP_ACCEPT_LANGUAGE' => 'es-MX,es;q=0.8,en-US;q=0.5,en;q=0.3'
    'HTTP_ACCEPT_ENCODING' => 'gzip, deflate, br'
    'CONTENT_TYPE' => 'application/x-www-form-urlencoded'
    'CONTENT_LENGTH' => '231'
    'HTTP_ORIGIN' => 'http://localhost'
    'HTTP_CONNECTION' => 'keep-alive'
    'HTTP_REFERER' => 'http://localhost/yii2Avanzado22/frontend/web/index.php?r=site%2Fsignup'
    'HTTP_COOKIE' => 'advanced-backend=75hlk6kpahi5bqjulmb1r3udcu; _csrf-backend=7a7f94e35b60b983c6922173475102fea4f1ef0e8c6cdbceca0a5f2a0a630a3ea%3A2%3A%7Bi%3A0%3Bs%3A13%3A%22_csrf-backend%22%3Bi%3A1%3Bs%3A32%3A%22uaL_O5Cs29IXMFUYMhHD9BqWbHKjOq5g%22%3B%7D; advanced-frontend=1t7q71q90kqcbino5pc3n2sup5; _csrf-frontend=db0590de07ea7a9647afe752a778fe29a945998e31fbde6b0adba0be0306e7aea%3A2%3A%7Bi%3A0%3Bs%3A14%3A%22_csrf-frontend%22%3Bi%3A1%3Bs%3A32%3A%22VC1hWbQxkAMT2KLosnBRX6HNONGHFDzd%22%3B%7D'
    'HTTP_UPGRADE_INSECURE_REQUESTS' => '1'
    'HTTP_SEC_FETCH_DEST' => 'document'
    'HTTP_SEC_FETCH_MODE' => 'navigate'
    'HTTP_SEC_FETCH_SITE' => 'same-origin'
    'HTTP_SEC_FETCH_USER' => '?1'
    'PATH' => 'C:\\Windows\\system32;C:\\Windows;C:\\Windows\\System32\\Wbem;C:\\Windows\\System32\\WindowsPowerShell\\v1.0\\;C:\\Windows\\System32\\OpenSSH\\;C:\\Program Files\\Git\\cmd;C:\\Windows\\system32\\config\\systemprofile\\AppData\\Local\\Microsoft\\WindowsApps'
    'SystemRoot' => 'C:\\Windows'
    'COMSPEC' => 'C:\\Windows\\system32\\cmd.exe'
    'PATHEXT' => '.COM;.EXE;.BAT;.CMD;.VBS;.VBE;.JS;.JSE;.WSF;.WSH;.MSC'
    'WINDIR' => 'C:\\Windows'
    'SERVER_SIGNATURE' => '<address>Apache/2.4.51 (Win64) PHP/7.4.26 Server at localhost Port 80</address>
'
    'SERVER_SOFTWARE' => 'Apache/2.4.51 (Win64) PHP/7.4.26'
    'SERVER_NAME' => 'localhost'
    'SERVER_ADDR' => '127.0.0.1'
    'SERVER_PORT' => '80'
    'REMOTE_ADDR' => '127.0.0.1'
    'DOCUMENT_ROOT' => 'C:/wamp64/www'
    'REQUEST_SCHEME' => 'http'
    'CONTEXT_PREFIX' => ''
    'CONTEXT_DOCUMENT_ROOT' => 'C:/wamp64/www'
    'SERVER_ADMIN' => 'wampserver@wampserver.invalid'
    'SCRIPT_FILENAME' => 'C:/wamp64/www/yii2Avanzado22/frontend/web/index.php'
    'REMOTE_PORT' => '59383'
    'GATEWAY_INTERFACE' => 'CGI/1.1'
    'SERVER_PROTOCOL' => 'HTTP/1.1'
    'REQUEST_METHOD' => 'POST'
    'QUERY_STRING' => 'r=site%2Fsignup'
    'REQUEST_URI' => '/yii2Avanzado22/frontend/web/index.php?r=site%2Fsignup'
    'SCRIPT_NAME' => '/yii2Avanzado22/frontend/web/index.php'
    'PHP_SELF' => '/yii2Avanzado22/frontend/web/index.php'
    'REQUEST_TIME_FLOAT' => 1654563708.6226
    'REQUEST_TIME' => 1654563708
]
2022-06-07 01:11:00 [127.0.0.1][-][hfvltjfgkh4tj10dv61qn9bbl6][error][Error] Error: Class 'common\models\Rol' not found in C:\wamp64\www\yii2Avanzado22\common\models\User.php:242
Stack trace:
#0 C:\wamp64\www\yii2Avanzado22\common\models\User.php(60): common\models\User::getRolLista()
#1 C:\wamp64\www\yii2Avanzado22\vendor\yiisoft\yii2\base\Model.php(465): common\models\User->rules()
#2 C:\wamp64\www\yii2Avanzado22\vendor\yiisoft\yii2\base\Model.php(421): yii\base\Model->createValidators()
#3 C:\wamp64\www\yii2Avanzado22\vendor\yiisoft\yii2\base\Model.php(190): yii\base\Model->getValidators()
#4 C:\wamp64\www\yii2Avanzado22\vendor\yiisoft\yii2\base\Model.php(355): yii\base\Model->scenarios()
#5 C:\wamp64\www\yii2Avanzado22\vendor\yiisoft\yii2\db\ActiveRecord.php(560): yii\base\Model->validate(NULL)
#6 C:\wamp64\www\yii2Avanzado22\vendor\yiisoft\yii2\db\BaseActiveRecord.php(678): yii\db\ActiveRecord->insert(true, NULL)
#7 C:\wamp64\www\yii2Avanzado22\frontend\models\SignupForm.php(59): yii\db\BaseActiveRecord->save()
#8 C:\wamp64\www\yii2Avanzado22\frontend\controllers\SiteController.php(157): frontend\models\SignupForm->signup()
#9 [internal function]: frontend\controllers\SiteController->actionSignup()
#10 C:\wamp64\www\yii2Avanzado22\vendor\yiisoft\yii2\base\InlineAction.php(57): call_user_func_array(Array, Array)
#11 C:\wamp64\www\yii2Avanzado22\vendor\yiisoft\yii2\base\Controller.php(181): yii\base\InlineAction->runWithParams(Array)
#12 C:\wamp64\www\yii2Avanzado22\vendor\yiisoft\yii2\base\Module.php(534): yii\base\Controller->runAction('signup', Array)
#13 C:\wamp64\www\yii2Avanzado22\vendor\yiisoft\yii2\web\Application.php(104): yii\base\Module->runAction('site/signup', Array)
#14 C:\wamp64\www\yii2Avanzado22\vendor\yiisoft\yii2\base\Application.php(392): yii\web\Application->handleRequest(Object(yii\web\Request))
#15 C:\wamp64\www\yii2Avanzado22\frontend\web\index.php(18): yii\base\Application->run()
#16 {main}
2022-06-07 01:10:59 [127.0.0.1][-][hfvltjfgkh4tj10dv61qn9bbl6][info][application] $_GET = [
    'r' => 'site/signup'
]

$_POST = [
    '_csrf-frontend' => 'GXicG8UuOz-A2s-FPBXoJMPNNQ4sHbEHhSk4DNLI17hPO61zkkxqR-ubgtEOXqRLsKN3XHQr-UnKZ39ElIyt3A=='
    'SignupForm' => [
        'username' => 'root'
        'email' => 'rusell75@hotmail.com'
        'password' => 'rootroot'
    ]
    'signup-button' => ''
]

$_FILES = []

$_COOKIE = [
    'advanced-backend' => '75hlk6kpahi5bqjulmb1r3udcu'
    '_csrf-backend' => '7a7f94e35b60b983c6922173475102fea4f1ef0e8c6cdbceca0a5f2a0a630a3ea:2:{i:0;s:13:\"_csrf-backend\";i:1;s:32:\"uaL_O5Cs29IXMFUYMhHD9BqWbHKjOq5g\";}'
    'advanced-frontend' => 'fmlqntm1pphp9eeca22kc09jao'
    '_csrf-frontend' => 'db0590de07ea7a9647afe752a778fe29a945998e31fbde6b0adba0be0306e7aea:2:{i:0;s:14:\"_csrf-frontend\";i:1;s:32:\"VC1hWbQxkAMT2KLosnBRX6HNONGHFDzd\";}'
]

$_SESSION = [
    '__flash' => []
]

$_SERVER = [
    'HTTP_HOST' => 'localhost'
    'HTTP_USER_AGENT' => 'Mozilla/5.0 (Windows NT 10.0; Win64; x64; rv:101.0) Gecko/20100101 Firefox/101.0'
    'HTTP_ACCEPT' => 'text/html,application/xhtml+xml,application/xml;q=0.9,image/avif,image/webp,*/*;q=0.8'
    'HTTP_ACCEPT_LANGUAGE' => 'es-MX,es;q=0.8,en-US;q=0.5,en;q=0.3'
    'HTTP_ACCEPT_ENCODING' => 'gzip, deflate, br'
    'CONTENT_TYPE' => 'application/x-www-form-urlencoded'
    'CONTENT_LENGTH' => '231'
    'HTTP_ORIGIN' => 'http://localhost'
    'HTTP_CONNECTION' => 'keep-alive'
    'HTTP_REFERER' => 'http://localhost/yii2Avanzado22/frontend/web/index.php?r=site%2Fsignup'
    'HTTP_COOKIE' => 'advanced-backend=75hlk6kpahi5bqjulmb1r3udcu; _csrf-backend=7a7f94e35b60b983c6922173475102fea4f1ef0e8c6cdbceca0a5f2a0a630a3ea%3A2%3A%7Bi%3A0%3Bs%3A13%3A%22_csrf-backend%22%3Bi%3A1%3Bs%3A32%3A%22uaL_O5Cs29IXMFUYMhHD9BqWbHKjOq5g%22%3B%7D; advanced-frontend=fmlqntm1pphp9eeca22kc09jao; _csrf-frontend=db0590de07ea7a9647afe752a778fe29a945998e31fbde6b0adba0be0306e7aea%3A2%3A%7Bi%3A0%3Bs%3A14%3A%22_csrf-frontend%22%3Bi%3A1%3Bs%3A32%3A%22VC1hWbQxkAMT2KLosnBRX6HNONGHFDzd%22%3B%7D'
    'HTTP_UPGRADE_INSECURE_REQUESTS' => '1'
    'HTTP_SEC_FETCH_DEST' => 'document'
    'HTTP_SEC_FETCH_MODE' => 'navigate'
    'HTTP_SEC_FETCH_SITE' => 'same-origin'
    'HTTP_SEC_FETCH_USER' => '?1'
    'PATH' => 'C:\\Windows\\system32;C:\\Windows;C:\\Windows\\System32\\Wbem;C:\\Windows\\System32\\WindowsPowerShell\\v1.0\\;C:\\Windows\\System32\\OpenSSH\\;C:\\Program Files\\Git\\cmd;C:\\Windows\\system32\\config\\systemprofile\\AppData\\Local\\Microsoft\\WindowsApps'
    'SystemRoot' => 'C:\\Windows'
    'COMSPEC' => 'C:\\Windows\\system32\\cmd.exe'
    'PATHEXT' => '.COM;.EXE;.BAT;.CMD;.VBS;.VBE;.JS;.JSE;.WSF;.WSH;.MSC'
    'WINDIR' => 'C:\\Windows'
    'SERVER_SIGNATURE' => '<address>Apache/2.4.51 (Win64) PHP/7.4.26 Server at localhost Port 80</address>
'
    'SERVER_SOFTWARE' => 'Apache/2.4.51 (Win64) PHP/7.4.26'
    'SERVER_NAME' => 'localhost'
    'SERVER_ADDR' => '127.0.0.1'
    'SERVER_PORT' => '80'
    'REMOTE_ADDR' => '127.0.0.1'
    'DOCUMENT_ROOT' => 'C:/wamp64/www'
    'REQUEST_SCHEME' => 'http'
    'CONTEXT_PREFIX' => ''
    'CONTEXT_DOCUMENT_ROOT' => 'C:/wamp64/www'
    'SERVER_ADMIN' => 'wampserver@wampserver.invalid'
    'SCRIPT_FILENAME' => 'C:/wamp64/www/yii2Avanzado22/frontend/web/index.php'
    'REMOTE_PORT' => '59455'
    'GATEWAY_INTERFACE' => 'CGI/1.1'
    'SERVER_PROTOCOL' => 'HTTP/1.1'
    'REQUEST_METHOD' => 'POST'
    'QUERY_STRING' => 'r=site%2Fsignup'
    'REQUEST_URI' => '/yii2Avanzado22/frontend/web/index.php?r=site%2Fsignup'
    'SCRIPT_NAME' => '/yii2Avanzado22/frontend/web/index.php'
    'PHP_SELF' => '/yii2Avanzado22/frontend/web/index.php'
    'REQUEST_TIME_FLOAT' => 1654564259.9775
    'REQUEST_TIME' => 1654564259
]
2022-06-07 01:13:12 [127.0.0.1][-][ouap4jjanndkte7teegdbpc5rj][error][Error] Error: Class 'common\models\ArrayHelper' not found in C:\wamp64\www\yii2Avanzado22\common\models\User.php:245
Stack trace:
#0 C:\wamp64\www\yii2Avanzado22\common\models\User.php(62): common\models\User::getRolLista()
#1 C:\wamp64\www\yii2Avanzado22\vendor\yiisoft\yii2\base\Model.php(465): common\models\User->rules()
#2 C:\wamp64\www\yii2Avanzado22\vendor\yiisoft\yii2\base\Model.php(421): yii\base\Model->createValidators()
#3 C:\wamp64\www\yii2Avanzado22\vendor\yiisoft\yii2\base\Model.php(190): yii\base\Model->getValidators()
#4 C:\wamp64\www\yii2Avanzado22\vendor\yiisoft\yii2\base\Model.php(355): yii\base\Model->scenarios()
#5 C:\wamp64\www\yii2Avanzado22\vendor\yiisoft\yii2\db\ActiveRecord.php(560): yii\base\Model->validate(NULL)
#6 C:\wamp64\www\yii2Avanzado22\vendor\yiisoft\yii2\db\BaseActiveRecord.php(678): yii\db\ActiveRecord->insert(true, NULL)
#7 C:\wamp64\www\yii2Avanzado22\frontend\models\SignupForm.php(59): yii\db\BaseActiveRecord->save()
#8 C:\wamp64\www\yii2Avanzado22\frontend\controllers\SiteController.php(157): frontend\models\SignupForm->signup()
#9 [internal function]: frontend\controllers\SiteController->actionSignup()
#10 C:\wamp64\www\yii2Avanzado22\vendor\yiisoft\yii2\base\InlineAction.php(57): call_user_func_array(Array, Array)
#11 C:\wamp64\www\yii2Avanzado22\vendor\yiisoft\yii2\base\Controller.php(181): yii\base\InlineAction->runWithParams(Array)
#12 C:\wamp64\www\yii2Avanzado22\vendor\yiisoft\yii2\base\Module.php(534): yii\base\Controller->runAction('signup', Array)
#13 C:\wamp64\www\yii2Avanzado22\vendor\yiisoft\yii2\web\Application.php(104): yii\base\Module->runAction('site/signup', Array)
#14 C:\wamp64\www\yii2Avanzado22\vendor\yiisoft\yii2\base\Application.php(392): yii\web\Application->handleRequest(Object(yii\web\Request))
#15 C:\wamp64\www\yii2Avanzado22\frontend\web\index.php(18): yii\base\Application->run()
#16 {main}
2022-06-07 01:13:12 [127.0.0.1][-][ouap4jjanndkte7teegdbpc5rj][info][application] $_GET = [
    'r' => 'site/signup'
]

$_POST = [
    '_csrf-frontend' => 'Ewk-qB6Jam4arQecOvckmK3GKtE02l4W_5z-tNZ00XlFSg_ASes7FnHsSsgIvGj33qhog2zsFliw0rn8kDCrHQ=='
    'SignupForm' => [
        'username' => 'root'
        'email' => 'rusell75@hotmail.com'
        'password' => 'rootroot'
    ]
    'signup-button' => ''
]

$_FILES = []

$_COOKIE = [
    'advanced-backend' => '75hlk6kpahi5bqjulmb1r3udcu'
    '_csrf-backend' => '7a7f94e35b60b983c6922173475102fea4f1ef0e8c6cdbceca0a5f2a0a630a3ea:2:{i:0;s:13:\"_csrf-backend\";i:1;s:32:\"uaL_O5Cs29IXMFUYMhHD9BqWbHKjOq5g\";}'
    'advanced-frontend' => '9qhsci00cm7o01na1956f8v99t'
    '_csrf-frontend' => 'db0590de07ea7a9647afe752a778fe29a945998e31fbde6b0adba0be0306e7aea:2:{i:0;s:14:\"_csrf-frontend\";i:1;s:32:\"VC1hWbQxkAMT2KLosnBRX6HNONGHFDzd\";}'
]

$_SESSION = [
    '__flash' => []
]

$_SERVER = [
    'HTTP_HOST' => 'localhost'
    'HTTP_USER_AGENT' => 'Mozilla/5.0 (Windows NT 10.0; Win64; x64; rv:101.0) Gecko/20100101 Firefox/101.0'
    'HTTP_ACCEPT' => 'text/html,application/xhtml+xml,application/xml;q=0.9,image/avif,image/webp,*/*;q=0.8'
    'HTTP_ACCEPT_LANGUAGE' => 'es-MX,es;q=0.8,en-US;q=0.5,en;q=0.3'
    'HTTP_ACCEPT_ENCODING' => 'gzip, deflate, br'
    'CONTENT_TYPE' => 'application/x-www-form-urlencoded'
    'CONTENT_LENGTH' => '231'
    'HTTP_ORIGIN' => 'http://localhost'
    'HTTP_CONNECTION' => 'keep-alive'
    'HTTP_REFERER' => 'http://localhost/yii2Avanzado22/frontend/web/index.php?r=site%2Fsignup'
    'HTTP_COOKIE' => 'advanced-backend=75hlk6kpahi5bqjulmb1r3udcu; _csrf-backend=7a7f94e35b60b983c6922173475102fea4f1ef0e8c6cdbceca0a5f2a0a630a3ea%3A2%3A%7Bi%3A0%3Bs%3A13%3A%22_csrf-backend%22%3Bi%3A1%3Bs%3A32%3A%22uaL_O5Cs29IXMFUYMhHD9BqWbHKjOq5g%22%3B%7D; advanced-frontend=9qhsci00cm7o01na1956f8v99t; _csrf-frontend=db0590de07ea7a9647afe752a778fe29a945998e31fbde6b0adba0be0306e7aea%3A2%3A%7Bi%3A0%3Bs%3A14%3A%22_csrf-frontend%22%3Bi%3A1%3Bs%3A32%3A%22VC1hWbQxkAMT2KLosnBRX6HNONGHFDzd%22%3B%7D'
    'HTTP_UPGRADE_INSECURE_REQUESTS' => '1'
    'HTTP_SEC_FETCH_DEST' => 'document'
    'HTTP_SEC_FETCH_MODE' => 'navigate'
    'HTTP_SEC_FETCH_SITE' => 'same-origin'
    'HTTP_SEC_FETCH_USER' => '?1'
    'PATH' => 'C:\\Windows\\system32;C:\\Windows;C:\\Windows\\System32\\Wbem;C:\\Windows\\System32\\WindowsPowerShell\\v1.0\\;C:\\Windows\\System32\\OpenSSH\\;C:\\Program Files\\Git\\cmd;C:\\Windows\\system32\\config\\systemprofile\\AppData\\Local\\Microsoft\\WindowsApps'
    'SystemRoot' => 'C:\\Windows'
    'COMSPEC' => 'C:\\Windows\\system32\\cmd.exe'
    'PATHEXT' => '.COM;.EXE;.BAT;.CMD;.VBS;.VBE;.JS;.JSE;.WSF;.WSH;.MSC'
    'WINDIR' => 'C:\\Windows'
    'SERVER_SIGNATURE' => '<address>Apache/2.4.51 (Win64) PHP/7.4.26 Server at localhost Port 80</address>
'
    'SERVER_SOFTWARE' => 'Apache/2.4.51 (Win64) PHP/7.4.26'
    'SERVER_NAME' => 'localhost'
    'SERVER_ADDR' => '127.0.0.1'
    'SERVER_PORT' => '80'
    'REMOTE_ADDR' => '127.0.0.1'
    'DOCUMENT_ROOT' => 'C:/wamp64/www'
    'REQUEST_SCHEME' => 'http'
    'CONTEXT_PREFIX' => ''
    'CONTEXT_DOCUMENT_ROOT' => 'C:/wamp64/www'
    'SERVER_ADMIN' => 'wampserver@wampserver.invalid'
    'SCRIPT_FILENAME' => 'C:/wamp64/www/yii2Avanzado22/frontend/web/index.php'
    'REMOTE_PORT' => '59464'
    'GATEWAY_INTERFACE' => 'CGI/1.1'
    'SERVER_PROTOCOL' => 'HTTP/1.1'
    'REQUEST_METHOD' => 'POST'
    'QUERY_STRING' => 'r=site%2Fsignup'
    'REQUEST_URI' => '/yii2Avanzado22/frontend/web/index.php?r=site%2Fsignup'
    'SCRIPT_NAME' => '/yii2Avanzado22/frontend/web/index.php'
    'PHP_SELF' => '/yii2Avanzado22/frontend/web/index.php'
    'REQUEST_TIME_FLOAT' => 1654564392.003
    'REQUEST_TIME' => 1654564392
]
